2026-07-15 22:12:18,388 - data_preprocessing - DEBUG - Data loaded properly
2026-07-15 22:12:18,389 - data_preprocessing - DEBUG - Starting preprocessing for DataFrame
2026-07-15 22:12:18,390 - data_preprocessing - DEBUG - Target column encoded
2026-07-15 22:12:18,390 - data_preprocessing - ERROR - Error during text normalization : 'DataFrame' object has no attribute 'drop_duplicate'
2026-07-15 22:12:18,391 - data_preprocessing - ERROR - Failed to complete the data transformation process: 'DataFrame' object has no attribute 'drop_duplicate'
2026-07-15 22:14:23,213 - data_preprocessing - DEBUG - Data loaded properly
2026-07-15 22:14:23,214 - data_preprocessing - DEBUG - Starting preprocessing for DataFrame
2026-07-15 22:14:23,215 - data_preprocessing - DEBUG - Target column encoded
2026-07-15 22:14:23,218 - data_preprocessing - DEBUG - Duplicates removed
2026-07-15 22:14:23,221 - data_preprocessing - ERROR - Error during text normalization : 
**********************************************************************
  Resource 'punkt_tab' not found.
  Please use the NLTK Downloader to obtain the resource:

  >>> import nltk
  >>> nltk.download('punkt_tab')

  For more information see: https://www.nltk.org/data.html

  Attempted to load 'tokenizers/punkt_tab/english/'

  Searched in:
    - 'C:\\Users\\acer/nltk_data'
    - 'C:\\Users\\acer\\AppData\\Local\\Programs\\Python\\Python312\\nltk_data'
    - 'C:\\Users\\acer\\AppData\\Local\\Programs\\Python\\Python312\\share\\nltk_data'
    - 'C:\\Users\\acer\\AppData\\Local\\Programs\\Python\\Python312\\lib\\nltk_data'
    - 'C:\\Users\\acer\\AppData\\Roaming\\nltk_data'
    - 'C:\\nltk_data'
    - 'D:\\nltk_data'
    - 'E:\\nltk_data'
**********************************************************************

2026-07-15 22:14:23,221 - data_preprocessing - ERROR - Failed to complete the data transformation process: 
**********************************************************************
  Resource 'punkt_tab' not found.
  Please use the NLTK Downloader to obtain the resource:

  >>> import nltk
  >>> nltk.download('punkt_tab')

  For more information see: https://www.nltk.org/data.html

  Attempted to load 'tokenizers/punkt_tab/english/'

  Searched in:
    - 'C:\\Users\\acer/nltk_data'
    - 'C:\\Users\\acer\\AppData\\Local\\Programs\\Python\\Python312\\nltk_data'
    - 'C:\\Users\\acer\\AppData\\Local\\Programs\\Python\\Python312\\share\\nltk_data'
    - 'C:\\Users\\acer\\AppData\\Local\\Programs\\Python\\Python312\\lib\\nltk_data'
    - 'C:\\Users\\acer\\AppData\\Roaming\\nltk_data'
    - 'C:\\nltk_data'
    - 'D:\\nltk_data'
    - 'E:\\nltk_data'
**********************************************************************

2026-07-15 22:15:43,687 - data_preprocessing - DEBUG - Data loaded properly
2026-07-15 22:15:43,688 - data_preprocessing - DEBUG - Starting preprocessing for DataFrame
2026-07-15 22:15:43,689 - data_preprocessing - DEBUG - Target column encoded
2026-07-15 22:15:43,691 - data_preprocessing - DEBUG - Duplicates removed
2026-07-15 22:15:43,718 - data_preprocessing - ERROR - Error during text normalization : name 'stopwords' is not defined
2026-07-15 22:15:43,718 - data_preprocessing - ERROR - Failed to complete the data transformation process: name 'stopwords' is not defined
2026-07-15 22:23:09,823 - data_preprocessing - DEBUG - Data loaded properly
2026-07-15 22:23:09,823 - data_preprocessing - DEBUG - Starting preprocessing for DataFrame
2026-07-15 22:23:09,824 - data_preprocessing - DEBUG - Target column encoded
2026-07-15 22:23:09,827 - data_preprocessing - DEBUG - Duplicates removed
2026-07-15 22:23:37,851 - data_preprocessing - DEBUG - Text column transformed
2026-07-15 22:23:37,851 - data_preprocessing - DEBUG - Starting preprocessing for DataFrame
2026-07-15 22:23:37,852 - data_preprocessing - DEBUG - Target column encoded
2026-07-15 22:23:37,853 - data_preprocessing - DEBUG - Duplicates removed
2026-07-15 22:23:45,008 - data_preprocessing - DEBUG - Text column transformed
2026-07-15 22:23:45,018 - data_preprocessing - DEBUG - Processed data saved to ./data\interim
2026-07-15 23:29:38,571 - data_preprocessing - DEBUG - Data loaded properly
2026-07-15 23:29:38,572 - data_preprocessing - DEBUG - Starting preprocessing for DataFrame
2026-07-15 23:29:38,574 - data_preprocessing - DEBUG - Target column encoded
2026-07-15 23:29:38,580 - data_preprocessing - DEBUG - Duplicates removed
2026-07-15 23:30:39,018 - data_preprocessing - DEBUG - Text column transformed
2026-07-15 23:30:39,019 - data_preprocessing - DEBUG - Starting preprocessing for DataFrame
2026-07-15 23:30:39,020 - data_preprocessing - DEBUG - Target column encoded
2026-07-15 23:30:39,021 - data_preprocessing - DEBUG - Duplicates removed
2026-07-15 23:30:57,209 - data_preprocessing - DEBUG - Text column transformed
2026-07-15 23:30:57,226 - data_preprocessing - DEBUG - Processed data saved to ./data\interim
2026-07-16 15:46:59,908 - data_preprocessing - DEBUG - Data loaded properly
2026-07-16 15:46:59,908 - data_preprocessing - DEBUG - Starting preprocessing for DataFrame
2026-07-16 15:46:59,909 - data_preprocessing - DEBUG - Target column encoded
2026-07-16 15:46:59,920 - data_preprocessing - DEBUG - Duplicates removed
2026-07-16 15:47:51,537 - data_preprocessing - DEBUG - Text column transformed
2026-07-16 15:47:51,539 - data_preprocessing - DEBUG - Starting preprocessing for DataFrame
2026-07-16 15:47:51,539 - data_preprocessing - DEBUG - Target column encoded
2026-07-16 15:47:51,541 - data_preprocessing - DEBUG - Duplicates removed
2026-07-16 15:48:02,738 - data_preprocessing - DEBUG - Text column transformed
2026-07-16 15:48:02,747 - data_preprocessing - DEBUG - Processed data saved to ./data\interim
2026-07-17 12:07:22,798 - data_preprocessing - DEBUG - Data loaded properly
2026-07-17 12:07:22,798 - data_preprocessing - DEBUG - Starting preprocessing for DataFrame
2026-07-17 12:07:22,799 - data_preprocessing - DEBUG - Target column encoded
2026-07-17 12:07:22,801 - data_preprocessing - DEBUG - Duplicates removed
2026-07-17 12:07:59,197 - data_preprocessing - DEBUG - Text column transformed
2026-07-17 12:07:59,197 - data_preprocessing - DEBUG - Starting preprocessing for DataFrame
2026-07-17 12:07:59,197 - data_preprocessing - DEBUG - Target column encoded
2026-07-17 12:07:59,198 - data_preprocessing - DEBUG - Duplicates removed
2026-07-17 12:08:03,391 - data_preprocessing - DEBUG - Text column transformed
2026-07-17 12:08:03,397 - data_preprocessing - DEBUG - Processed data saved to ./data\interim
2026-07-17 12:11:42,286 - data_preprocessing - DEBUG - Data loaded properly
2026-07-17 12:11:42,287 - data_preprocessing - DEBUG - Starting preprocessing for DataFrame
2026-07-17 12:11:42,288 - data_preprocessing - DEBUG - Target column encoded
2026-07-17 12:11:42,290 - data_preprocessing - DEBUG - Duplicates removed
2026-07-17 12:12:20,466 - data_preprocessing - DEBUG - Text column transformed
2026-07-17 12:12:20,466 - data_preprocessing - DEBUG - Starting preprocessing for DataFrame
2026-07-17 12:12:20,466 - data_preprocessing - DEBUG - Target column encoded
2026-07-17 12:12:20,467 - data_preprocessing - DEBUG - Duplicates removed
2026-07-17 12:12:32,001 - data_preprocessing - DEBUG - Text column transformed
2026-07-17 12:12:32,008 - data_preprocessing - DEBUG - Processed data saved to ./data\interim
2026-07-17 12:15:26,443 - data_preprocessing - DEBUG - Data loaded properly
2026-07-17 12:15:26,443 - data_preprocessing - DEBUG - Starting preprocessing for DataFrame
2026-07-17 12:15:26,444 - data_preprocessing - DEBUG - Target column encoded
2026-07-17 12:15:26,446 - data_preprocessing - DEBUG - Duplicates removed
2026-07-17 12:16:09,272 - data_preprocessing - DEBUG - Text column transformed
2026-07-17 12:16:09,273 - data_preprocessing - DEBUG - Starting preprocessing for DataFrame
2026-07-17 12:16:09,273 - data_preprocessing - DEBUG - Target column encoded
2026-07-17 12:16:09,274 - data_preprocessing - DEBUG - Duplicates removed
2026-07-17 12:16:28,767 - data_preprocessing - DEBUG - Text column transformed
2026-07-17 12:16:28,774 - data_preprocessing - DEBUG - Processed data saved to ./data\interim
