2026-07-15 23:24:33,915 - feature_engineering - ERROR - Failed to complete the feature engineering process: load_data() missing 1 required positional argument: 'str'
2026-07-15 23:25:51,232 - feature_engineering - DEBUG - Data loaded and NaNs filled from: ./data/interim/train_processed.csv
2026-07-15 23:25:51,241 - feature_engineering - DEBUG - Data loaded and NaNs filled from: ./data/interim/test_processed.csv
2026-07-15 23:25:51,363 - feature_engineering - DEBUG - Bag of words applied and data transformed
2026-07-15 23:25:51,365 - feature_engineering - ERROR - nexpected error occured whle saving the data: [Errno 13] Permission denied: './data\\processed\\train_tfidf.csv'
2026-07-15 23:25:51,366 - feature_engineering - ERROR - Failed to complete the feature engineering process: [Errno 13] Permission denied: './data\\processed\\train_tfidf.csv'
2026-07-15 23:31:35,280 - feature_engineering - DEBUG - Data loaded and NaNs filled from: ./data/interim/train_processed.csv
2026-07-15 23:31:35,284 - feature_engineering - DEBUG - Data loaded and NaNs filled from: ./data/interim/test_processed.csv
2026-07-15 23:31:35,365 - feature_engineering - DEBUG - Bag of words applied and data transformed
2026-07-15 23:31:35,367 - feature_engineering - ERROR - Unexpected error occured whle saving the data: [Errno 13] Permission denied: './data\\processed\\train_tfidf.csv'
2026-07-15 23:31:35,368 - feature_engineering - ERROR - Failed to complete the feature engineering process: [Errno 13] Permission denied: './data\\processed\\train_tfidf.csv'
2026-07-16 13:10:52,772 - feature_engineering - DEBUG - Data loaded and NaNs filled from: ./data/interim/train_processed.csv
2026-07-16 13:10:52,790 - feature_engineering - DEBUG - Data loaded and NaNs filled from: ./data/interim/test_processed.csv
2026-07-16 13:10:52,855 - feature_engineering - DEBUG - Tfidf applied and data transformed
2026-07-16 13:10:52,857 - feature_engineering - ERROR - Unexpected error occured whle saving the data: [Errno 13] Permission denied: './data\\processed\\train_tfidf.csv'
2026-07-16 13:10:52,857 - feature_engineering - ERROR - Failed to complete the feature engineering process: [Errno 13] Permission denied: './data\\processed\\train_tfidf.csv'
2026-07-16 13:14:29,032 - feature_engineering - DEBUG - Data loaded and NaNs filled from: ./data/interim/train_processed.csv
2026-07-16 13:14:29,035 - feature_engineering - DEBUG - Data loaded and NaNs filled from: ./data/interim/test_processed.csv
2026-07-16 13:14:29,090 - feature_engineering - DEBUG - Tfidf applied and data transformed
2026-07-16 13:14:29,092 - feature_engineering - ERROR - Unexpected error occured while saving the data: [Errno 13] Permission denied: './data\\processed\\train_tfidf.csv'
2026-07-16 13:14:29,092 - feature_engineering - ERROR - Failed to complete the feature engineering process: [Errno 13] Permission denied: './data\\processed\\train_tfidf.csv'
2026-07-16 13:15:21,818 - feature_engineering - DEBUG - Data loaded and NaNs filled from: ./data/interim/train_processed.csv
2026-07-16 13:15:21,820 - feature_engineering - DEBUG - Data loaded and NaNs filled from: ./data/interim/test_processed.csv
2026-07-16 13:15:21,857 - feature_engineering - DEBUG - Tfidf applied and data transformed
2026-07-16 13:15:21,940 - feature_engineering - DEBUG - Data saved to ./data\processed\train_tfidf.csv
2026-07-16 13:15:21,966 - feature_engineering - DEBUG - Data saved to ./data\processed\test_tfidf.csv
2026-07-16 15:48:04,758 - feature_engineering - DEBUG - Data loaded and NaNs filled from: ./data/interim/train_processed.csv
2026-07-16 15:48:04,761 - feature_engineering - DEBUG - Data loaded and NaNs filled from: ./data/interim/test_processed.csv
2026-07-16 15:48:04,807 - feature_engineering - DEBUG - Tfidf applied and data transformed
2026-07-16 15:48:04,887 - feature_engineering - DEBUG - Data saved to ./data\processed\train_tfidf.csv
2026-07-16 15:48:04,913 - feature_engineering - DEBUG - Data saved to ./data\processed\test_tfidf.csv
2026-07-16 16:51:57,167 - feature_engineering - DEBUG - Parameters retrieved from params.yaml
2026-07-16 16:51:57,185 - feature_engineering - DEBUG - Data loaded and NaNs filled from: ./data/interim/train_processed.csv
2026-07-16 16:51:57,187 - feature_engineering - DEBUG - Data loaded and NaNs filled from: ./data/interim/test_processed.csv
2026-07-16 16:51:57,224 - feature_engineering - DEBUG - Tfidf applied and data transformed
2026-07-16 16:51:57,290 - feature_engineering - DEBUG - Data saved to ./data\processed\train_tfidf.csv
2026-07-16 16:51:57,307 - feature_engineering - DEBUG - Data saved to ./data\processed\test_tfidf.csv
2026-07-17 12:08:04,769 - feature_engineering - DEBUG - Parameters retrieved from params.yaml
2026-07-17 12:08:04,776 - feature_engineering - DEBUG - Data loaded and NaNs filled from: ./data/interim/train_processed.csv
2026-07-17 12:08:04,778 - feature_engineering - DEBUG - Data loaded and NaNs filled from: ./data/interim/test_processed.csv
2026-07-17 12:08:04,830 - feature_engineering - DEBUG - Tfidf applied and data transformed
2026-07-17 12:08:04,873 - feature_engineering - DEBUG - Data saved to ./data\processed\train_tfidf.csv
2026-07-17 12:08:04,880 - feature_engineering - DEBUG - Data saved to ./data\processed\test_tfidf.csv
2026-07-17 12:12:33,399 - feature_engineering - DEBUG - Parameters retrieved from params.yaml
2026-07-17 12:12:33,404 - feature_engineering - DEBUG - Data loaded and NaNs filled from: ./data/interim/train_processed.csv
2026-07-17 12:12:33,406 - feature_engineering - DEBUG - Data loaded and NaNs filled from: ./data/interim/test_processed.csv
2026-07-17 12:12:33,443 - feature_engineering - DEBUG - Tfidf applied and data transformed
2026-07-17 12:12:33,520 - feature_engineering - DEBUG - Data saved to ./data\processed\train_tfidf.csv
2026-07-17 12:12:33,543 - feature_engineering - DEBUG - Data saved to ./data\processed\test_tfidf.csv
2026-07-17 12:16:30,625 - feature_engineering - DEBUG - Parameters retrieved from params.yaml
2026-07-17 12:16:30,632 - feature_engineering - DEBUG - Data loaded and NaNs filled from: ./data/interim/train_processed.csv
2026-07-17 12:16:30,634 - feature_engineering - DEBUG - Data loaded and NaNs filled from: ./data/interim/test_processed.csv
2026-07-17 12:16:30,681 - feature_engineering - DEBUG - Tfidf applied and data transformed
2026-07-17 12:16:30,743 - feature_engineering - DEBUG - Data saved to ./data\processed\train_tfidf.csv
2026-07-17 12:16:30,771 - feature_engineering - DEBUG - Data saved to ./data\processed\test_tfidf.csv
